{"/Users/emeraldbarias/Git/fridge-planner/packages/server/src/services/meal-recommender.ts": {"path":"/Users/emeraldbarias/Git/fridge-planner/packages/server/src/services/meal-recommender.ts","statementMap":{"0":{"start":{"line":15,"column":22},"end":{"line":15,"column":49}},"1":{"start":{"line":16,"column":2},"end":{"line":18,"column":3}},"2":{"start":{"line":17,"column":4},"end":{"line":17,"column":68}},"3":{"start":{"line":20,"column":18},"end":{"line":25,"column":14}},"4":{"start":{"line":24,"column":30},"end":{"line":24,"column":93}},"5":{"start":{"line":27,"column":14},"end":{"line":31,"column":4}},"6":{"start":{"line":33,"column":2},"end":{"line":35,"column":3}},"7":{"start":{"line":34,"column":4},"end":{"line":34,"column":82}},"8":{"start":{"line":37,"column":16},"end":{"line":37,"column":32}},"9":{"start":{"line":38,"column":2},"end":{"line":38,"column":22}}},"fnMap":{"0":{"name":"getMealRecommendations","decl":{"start":{"line":14,"column":22},"end":{"line":14,"column":44}},"loc":{"start":{"line":14,"column":70},"end":{"line":39,"column":1}}},"1":{"name":"(anonymous_1)","decl":{"start":{"line":24,"column":23},"end":{"line":24,"column":24}},"loc":{"start":{"line":24,"column":30},"end":{"line":24,"column":93}}}},"branchMap":{"0":{"loc":{"start":{"line":16,"column":2},"end":{"line":18,"column":3}},"type":"if","locations":[{"start":{"line":16,"column":2},"end":{"line":18,"column":3}}]},"1":{"loc":{"start":{"line":33,"column":2},"end":{"line":35,"column":3}},"type":"if","locations":[{"start":{"line":33,"column":2},"end":{"line":35,"column":3}}]}},"s":{"0":3,"1":3,"2":1,"3":2,"4":2,"5":2,"6":2,"7":1,"8":1,"9":1},"f":{"0":3,"1":2},"b":{"0":[1],"1":[1]}}
}
